This is pdfTeX, Version 3.1415926-1.40.11 (MiKTeX 2.9) (preloaded format=pdflatex 2012.1.9)  28 FEB 2012 14:21
entering extended mode
**finaldraft_MCMCsmoother.tex
(D:\pb404\MCMCSmoother\Paper\complete\finaldraft_MCMCsmoother.tex
LaTeX2e <2009/09/24>
Babel <v3.8l> and hyphenation patterns for english, afrikaans, ancientgreek, ar
abic, armenian, assamese, basque, bengali, bokmal, bulgarian, catalan, coptic, 
croatian, czech, danish, dutch, esperanto, estonian, farsi, finnish, french, ga
lician, german, german-x-2009-06-19, greek, gujarati, hindi, hungarian, iceland
ic, indonesian, interlingua, irish, italian, kannada, kurmanji, lao, latin, lat
vian, lithuanian, malayalam, marathi, mongolian, mongolianlmc, monogreek, ngerm
an, ngerman-x-2009-06-19, nynorsk, oriya, panjabi, pinyin, polish, portuguese, 
romanian, russian, sanskrit, serbian, slovak, slovenian, spanish, swedish, swis
sgerman, tamil, telugu, turkish, turkmen, ukenglish, ukrainian, uppersorbian, u
senglishmax, welsh, loaded.
("C:\Program Files (x86)\MiKTeX 2.9\tex\latex\ieeetran\IEEEtran.cls"
Document Class: IEEEtran 2007/03/05 V1.7a by Michael Shell
-- See the "IEEEtran_HOWTO" manual for usage information.
-- http://www.michaelshell.org/tex/ieeetran/
\@IEEEtrantmpdimenA=\dimen102
\@IEEEtrantmpdimenB=\dimen103
\@IEEEtrantmpcountA=\count79
\@IEEEtrantmpcountB=\count80
\@IEEEtrantmptoksA=\toks14
LaTeX Font Info:    Try loading font information for OT1+ptm on input line 366.

("C:\Program Files (x86)\MiKTeX 2.9\tex\latex\psnfss\ot1ptm.fd"
File: ot1ptm.fd 2001/06/04 font definitions for OT1/ptm.
)
-- Using 8.5in x 11in (letter) paper.
-- Using PDF output.
\@IEEEnormalsizeunitybaselineskip=\dimen104
-- This is a 10 point document.
\CLASSINFOnormalsizebaselineskip=\dimen105
\CLASSINFOnormalsizeunitybaselineskip=\dimen106
\IEEEnormaljot=\dimen107
LaTeX Font Info:    Font shape `OT1/ptm/bx/n' in size <5> not available
(Font)              Font shape `OT1/ptm/b/n' tried instead on input line 724.
LaTeX Font Info:    Font shape `OT1/ptm/bx/it' in size <5> not available
(Font)              Font shape `OT1/ptm/b/it' tried instead on input line 724.
LaTeX Font Info:    Font shape `OT1/ptm/bx/n' in size <7> not available
(Font)              Font shape `OT1/ptm/b/n' tried instead on input line 724.
LaTeX Font Info:    Font shape `OT1/ptm/bx/it' in size <7> not available
(Font)              Font shape `OT1/ptm/b/it' tried instead on input line 724.
LaTeX Font Info:    Font shape `OT1/ptm/bx/n' in size <8> not available
(Font)              Font shape `OT1/ptm/b/n' tried instead on input line 724.
LaTeX Font Info:    Font shape `OT1/ptm/bx/it' in size <8> not available
(Font)              Font shape `OT1/ptm/b/it' tried instead on input line 724.
LaTeX Font Info:    Font shape `OT1/ptm/bx/n' in size <9> not available
(Font)              Font shape `OT1/ptm/b/n' tried instead on input line 724.
LaTeX Font Info:    Font shape `OT1/ptm/bx/it' in size <9> not available
(Font)              Font shape `OT1/ptm/b/it' tried instead on input line 724.
LaTeX Font Info:    Font shape `OT1/ptm/bx/n' in size <10> not available
(Font)              Font shape `OT1/ptm/b/n' tried instead on input line 724.
LaTeX Font Info:    Font shape `OT1/ptm/bx/it' in size <10> not available
(Font)              Font shape `OT1/ptm/b/it' tried instead on input line 724.
LaTeX Font Info:    Font shape `OT1/ptm/bx/n' in size <11> not available
(Font)              Font shape `OT1/ptm/b/n' tried instead on input line 724.
LaTeX Font Info:    Font shape `OT1/ptm/bx/it' in size <11> not available
(Font)              Font shape `OT1/ptm/b/it' tried instead on input line 724.
LaTeX Font Info:    Font shape `OT1/ptm/bx/n' in size <12> not available
(Font)              Font shape `OT1/ptm/b/n' tried instead on input line 724.
LaTeX Font Info:    Font shape `OT1/ptm/bx/it' in size <12> not available
(Font)              Font shape `OT1/ptm/b/it' tried instead on input line 724.
LaTeX Font Info:    Font shape `OT1/ptm/bx/n' in size <17> not available
(Font)              Font shape `OT1/ptm/b/n' tried instead on input line 724.
LaTeX Font Info:    Font shape `OT1/ptm/bx/it' in size <17> not available
(Font)              Font shape `OT1/ptm/b/it' tried instead on input line 724.
LaTeX Font Info:    Font shape `OT1/ptm/bx/n' in size <20> not available
(Font)              Font shape `OT1/ptm/b/n' tried instead on input line 724.
LaTeX Font Info:    Font shape `OT1/ptm/bx/it' in size <20> not available
(Font)              Font shape `OT1/ptm/b/it' tried instead on input line 724.
LaTeX Font Info:    Font shape `OT1/ptm/bx/n' in size <24> not available
(Font)              Font shape `OT1/ptm/b/n' tried instead on input line 724.
LaTeX Font Info:    Font shape `OT1/ptm/bx/it' in size <24> not available
(Font)              Font shape `OT1/ptm/b/it' tried instead on input line 724.
\IEEEilabelindentA=\dimen108
\IEEEilabelindentB=\dimen109
\IEEEilabelindent=\dimen110
\IEEEelabelindent=\dimen111
\IEEEdlabelindent=\dimen112
\IEEElabelindent=\dimen113
\IEEEiednormlabelsep=\dimen114
\IEEEiedmathlabelsep=\dimen115
\IEEEiedtopsep=\skip41
\c@section=\count81
\c@subsection=\count82
\c@subsubsection=\count83
\c@paragraph=\count84
\c@IEEEsubequation=\count85
\abovecaptionskip=\skip42
\belowcaptionskip=\skip43
\c@figure=\count86
\c@table=\count87
\@IEEEeqnnumcols=\count88
\@IEEEeqncolcnt=\count89
\@IEEEtmpitemindent=\dimen116
\c@IEEEbiography=\count90
\@IEEEtranrubishbin=\box26
) ("C:\Program Files (x86)\MiKTeX 2.9\tex\latex\cite\cite.sty"
LaTeX Info: Redefining \cite on input line 302.
LaTeX Info: Redefining \nocite on input line 373.
Package: cite 2010/09/10  v 5.3
)
("C:\Program Files (x86)\MiKTeX 2.9\tex\latex\graphics\graphicx.sty"
Package: graphicx 1999/02/16 v1.0f Enhanced LaTeX Graphics (DPC,SPQR)

("C:\Program Files (x86)\MiKTeX 2.9\tex\latex\graphics\keyval.sty"
Package: keyval 1999/03/16 v1.13 key=value parser (DPC)
\KV@toks@=\toks15
)
("C:\Program Files (x86)\MiKTeX 2.9\tex\latex\graphics\graphics.sty"
Package: graphics 2009/02/05 v1.0o Standard LaTeX Graphics (DPC,SPQR)

("C:\Program Files (x86)\MiKTeX 2.9\tex\latex\graphics\trig.sty"
Package: trig 1999/03/16 v1.09 sin cos tan (DPC)
)
("C:\Program Files (x86)\MiKTeX 2.9\tex\latex\00miktex\graphics.cfg"
File: graphics.cfg 2007/01/18 v1.5 graphics configuration of teTeX/TeXLive
)
Package graphics Info: Driver file: pdftex.def on input line 91.

("C:\Program Files (x86)\MiKTeX 2.9\tex\latex\pdftex-def\pdftex.def"
File: pdftex.def 2010/09/14 v0.05b Graphics/color for pdfTeX
\Gread@gobject=\count91
))
\Gin@req@height=\dimen117
\Gin@req@width=\dimen118
)
("C:\Program Files (x86)\MiKTeX 2.9\tex\latex\ams\math\amsmath.sty"
Package: amsmath 2000/07/18 v2.13 AMS math features
\@mathmargin=\skip44

For additional information on amsmath, use the `?' option.
("C:\Program Files (x86)\MiKTeX 2.9\tex\latex\ams\math\amstext.sty"
Package: amstext 2000/06/29 v2.01

("C:\Program Files (x86)\MiKTeX 2.9\tex\latex\ams\math\amsgen.sty"
File: amsgen.sty 1999/11/30 v2.0
\@emptytoks=\toks16
\ex@=\dimen119
))
("C:\Program Files (x86)\MiKTeX 2.9\tex\latex\ams\math\amsbsy.sty"
Package: amsbsy 1999/11/29 v1.2d
\pmbraise@=\dimen120
)
("C:\Program Files (x86)\MiKTeX 2.9\tex\latex\ams\math\amsopn.sty"
Package: amsopn 1999/12/14 v2.01 operator names
)
\inf@bad=\count92
LaTeX Info: Redefining \frac on input line 211.
\uproot@=\count93
\leftroot@=\count94
LaTeX Info: Redefining \overline on input line 307.
\classnum@=\count95
\DOTSCASE@=\count96
LaTeX Info: Redefining \ldots on input line 379.
LaTeX Info: Redefining \dots on input line 382.
LaTeX Info: Redefining \cdots on input line 467.
\Mathstrutbox@=\box27
\strutbox@=\box28
\big@size=\dimen121
LaTeX Font Info:    Redeclaring font encoding OML on input line 567.
LaTeX Font Info:    Redeclaring font encoding OMS on input line 568.
\macc@depth=\count97
\c@MaxMatrixCols=\count98
\dotsspace@=\muskip10
\c@parentequation=\count99
\dspbrk@lvl=\count100
\tag@help=\toks17
\row@=\count101
\column@=\count102
\maxfields@=\count103
\andhelp@=\toks18
\eqnshift@=\dimen122
\alignsep@=\dimen123
\tagshift@=\dimen124
\tagwidth@=\dimen125
\totwidth@=\dimen126
\lineht@=\dimen127
\@envbody=\toks19
\multlinegap=\skip45
\multlinetaggap=\skip46
\mathdisplay@stack=\toks20
LaTeX Info: Redefining \[ on input line 2666.
LaTeX Info: Redefining \] on input line 2667.
)
("C:\Program Files (x86)\MiKTeX 2.9\tex\latex\algorithms\algorithmic.sty"
Package: algorithmic 2009/08/24 v0.1 Document Style `algorithmic'

("C:\Program Files (x86)\MiKTeX 2.9\tex\latex\base\ifthen.sty"
Package: ifthen 2001/05/26 v1.1c Standard LaTeX ifthen package (DPC)
)
\c@ALC@unique=\count104
\c@ALC@line=\count105
\c@ALC@rem=\count106
\c@ALC@depth=\count107
\ALC@tlm=\skip47
\algorithmicindent=\skip48
)
("C:\Program Files (x86)\MiKTeX 2.9\tex\latex\tools\array.sty"
Package: array 2008/09/09 v2.4c Tabular extension package (FMi)
\col@sep=\dimen128
\extrarowheight=\dimen129
\NC@list=\toks21
\extratabsurround=\skip49
\backup@length=\skip50
)
("C:\Program Files (x86)\MiKTeX 2.9\tex\latex\mdwtools\mdwmath.sty"
Package: mdwmath 1996/04/11 1.1 Nice mathematical things
\sq@sqrt=\count108
LaTeX Info: Redefining \sqrt on input line 84.
)
("C:\Program Files (x86)\MiKTeX 2.9\tex\latex\mdwtools\mdwtab.sty"
Package: mdwtab 1998/04/28 1.9 Table typesetting with style
\tab@state=\count109
\tab@columns=\count110
\tab@preamble=\toks22
\tab@shortline=\toks23
\extrarowheight=\dimen130
\tabextrasep=\dimen131
\arrayextrasep=\dimen132
\smarraycolsep=\dimen133
\smarrayextrasep=\dimen134
\tab@width=\dimen135
\col@sep=\dimen136
\tab@endheight=\dimen137
\tab@leftskip=\skip51
\tab@rightskip=\skip52
\fn@notes=\box29
\fn@width=\dimen138
)
("C:\Program Files (x86)\MiKTeX 2.9\tex\latex\eqparbox\eqparbox.sty"
Package: eqparbox 2010/01/01 v3.1 Create equal-widthed boxes
\eqp@tempdima=\skip53
\eqp@tempdimb=\skip54
)
("C:\Program Files (x86)\MiKTeX 2.9\tex\latex\subfig\subfig.sty"
Package: subfig 2005/06/28 ver: 1.3 subfig package

("C:\Program Files (x86)\MiKTeX 2.9\tex\latex\caption\caption3.sty"
Package: caption3 2010/01/14 v3.1m caption3 kernel (AR)
\captionmargin=\dimen139
\captionmargin@=\dimen140
\captionwidth=\dimen141
\caption@indent=\dimen142
\caption@parindent=\dimen143
\caption@hangindent=\dimen144
Package caption Info: Unknown document class (or package),
(caption)             standard defaults will be used on input line 1084.
)
\c@KVtest=\count111
\sf@farskip=\skip55
\sf@captopadj=\dimen145
\sf@capskip=\skip56
\sf@nearskip=\skip57
\c@subfigure=\count112
\c@subfigure@save=\count113
\c@lofdepth=\count114
\c@subtable=\count115
\c@subtable@save=\count116
\c@lotdepth=\count117
\sf@top=\skip58
\sf@bottom=\skip59
)
("C:\Program Files (x86)\MiKTeX 2.9\tex\latex\base\fixltx2e.sty"
Package: fixltx2e 2006/09/13 v1.1m fixes to LaTeX
LaTeX Info: Redefining \em on input line 420.
LaTeX Info: The control sequence `\[' is already robust on input line 471.
LaTeX Info: The control sequence `\]' is already robust on input line 472.
)
("C:\Program Files (x86)\MiKTeX 2.9\tex\latex\ltxmisc\url.sty"
\Urlmuskip=\muskip11
Package: url 2006/04/12  ver 3.3  Verb mode for urls, etc.
)
(D:\pb404\MCMCSmoother\Paper\complete\finaldraft_MCMCsmoother.aux)
LaTeX Font Info:    Checking defaults for OML/cmm/m/it on input line 22.
LaTeX Font Info:    ... okay on input line 22.
LaTeX Font Info:    Checking defaults for T1/cmr/m/n on input line 22.
LaTeX Font Info:    ... okay on input line 22.
LaTeX Font Info:    Checking defaults for OT1/cmr/m/n on input line 22.
LaTeX Font Info:    ... okay on input line 22.
LaTeX Font Info:    Checking defaults for OMS/cmsy/m/n on input line 22.
LaTeX Font Info:    ... okay on input line 22.
LaTeX Font Info:    Checking defaults for OMX/cmex/m/n on input line 22.
LaTeX Font Info:    ... okay on input line 22.
LaTeX Font Info:    Checking defaults for U/cmr/m/n on input line 22.
LaTeX Font Info:    ... okay on input line 22.

("C:\Program Files (x86)\MiKTeX 2.9\tex\context\base\supp-pdf.mkii"
[Loading MPS to PDF converter (version 2006.09.02).]
\scratchcounter=\count118
\scratchdimen=\dimen146
\scratchbox=\box30
\nofMPsegments=\count119
\nofMParguments=\count120
\everyMPshowfont=\toks24
\MPscratchCnt=\count121
\MPscratchDim=\dimen147
\MPnumerator=\count122
\everyMPtoPDFconversion=\toks25
)
Package caption Info: Begin \AtBeginDocument code.
Package caption3 Info: subfig package 1.2 or 1.3 is loaded.
LaTeX Info: Redefining \subref on input line 22.
Package caption Info: End \AtBeginDocument code.
LaTeX Font Info:    Try loading font information for OMS+ptm on input line 37.
 ("C:\Program Files (x86)\MiKTeX 2.9\tex\latex\psnfss\omsptm.fd"
File: omsptm.fd 
)
LaTeX Font Info:    Font shape `OMS/ptm/m/n' in size <8> not available
(Font)              Font shape `OMS/cmsy/m/n' tried instead on input line 37.
LaTeX Font Info:    External font `cmex10' loaded for size
(Font)              <7> on input line 56.
LaTeX Font Info:    External font `cmex10' loaded for size
(Font)              <5> on input line 56.
 [1{C:/ProgramData/MiKTeX/2.9/pdftex/config/pdftex.map}


]
Overfull \hbox (6.79999pt too wide) in paragraph at lines 133--134
[][] 
 []


Overfull \hbox (6.79999pt too wide) in paragraph at lines 164--165
[][] 
 []

[2]
Overfull \hbox (6.79999pt too wide) in paragraph at lines 210--211
[][] 
 []

[3]
Overfull \hbox (6.79999pt too wide) in paragraph at lines 280--281
[][] 
 []

[4]
Underfull \hbox (badness 10000) in paragraph at lines 322--324
[]\OT1/ptm/m/n/10 Using the filter-smoother ap-prox-i-ma-tion for
 []


Underfull \hbox (badness 3098) in paragraph at lines 322--324
\OML/cmm/m/it/10 p\OT1/cmr/m/n/10 (\OML/cmm/m/it/10 x[]\OMS/cmsy/m/n/10 j\OML/c
mm/m/it/10 y[]\OT1/cmr/m/n/10 )$\OT1/ptm/m/n/10 , the MH ac-cep-tance prob-a-bi
l-i-ties may
 []


Overfull \hbox (6.79999pt too wide) in paragraph at lines 359--360
[][] 
 []

[5]
Underfull \hbox (badness 6978) in paragraph at lines 425--426
[]\OT1/ptm/m/n/10 The new MCMC back-ward re-sam-pling smoother
 []

<images/case1_trajectory.pdf, id=32, 289.08pt x 289.08pt>
File: images/case1_trajectory.pdf Graphic file (type pdf)

<use images/case1_trajectory.pdf>
<images/case2_trajectory.pdf, id=33, 289.08pt x 289.08pt>
File: images/case2_trajectory.pdf Graphic file (type pdf)

<use images/case2_trajectory.pdf>
LaTeX Font Info:    External font `cmex10' loaded for size
(Font)              <8> on input line 453.
LaTeX Font Info:    External font `cmex10' loaded for size
(Font)              <6> on input line 453.

Underfull \hbox (badness 10000) in paragraph at lines 455--455
[]\OT1/ptm/m/n/8 Position
 []


Underfull \hbox (badness 10000) in paragraph at lines 455--455
[]\OT1/ptm/m/n/8 Velocity
 []


Underfull \hbox (badness 10000) in paragraph at lines 455--455
[]\OT1/ptm/m/n/8 Running
 []


Underfull \hbox (badness 10000) in paragraph at lines 455--455
[]\OT1/ptm/m/n/8 Unique
 []


Underfull \hbox (badness 10000) in paragraph at lines 482--482
[]\OT1/ptm/m/n/8 Position
 []


Underfull \hbox (badness 10000) in paragraph at lines 482--482
[]\OT1/ptm/m/n/8 Velocity
 []


Underfull \hbox (badness 10000) in paragraph at lines 482--482
[]\OT1/ptm/m/n/8 Running
 []


Underfull \hbox (badness 10000) in paragraph at lines 482--482
[]\OT1/ptm/m/n/8 Unique
 []


<images/case1_smoother_comparison_posRMSE_time.pdf, id=34, 289.08pt x 216.81pt>
File: images/case1_smoother_comparison_posRMSE_time.pdf Graphic file (type pdf)

<use images/case1_smoother_comparison_posRMSE_time.pdf>
<images/case2_smoother_comparison_posRMSE_time.pdf, id=35, 289.08pt x 216.81pt>
File: images/case2_smoother_comparison_posRMSE_time.pdf Graphic file (type pdf)

<use images/case2_smoother_comparison_posRMSE_time.pdf>
Underfull \vbox (badness 2351) has occurred while \output is active []

 [6 <D:/pb404/MCMCSmoother/Paper/complete/images/case1_trajectory.pdf> <D:/pb40
4/MCMCSmoother/Paper/complete/images/case2_trajectory.pdf>]
(D:\pb404\MCMCSmoother\Paper\complete\finaldraft_MCMCsmoother.bbl
Underfull \hbox (badness 4072) in paragraph at lines 29--32
[]\OT1/ptm/m/n/8 N. Gor-don, D. Salmond, and A. Smith, ``Novel ap-proach to
 []

Missing character: There is no – in font ptmr7t!
[7 <D:/pb404/MCMCSmoother/Paper/complete/images/case1_smoother_comparison_posRM
SE_time.pdf> <D:/pb404/MCMCSmoother/Paper/complete/images/case2_smoother_compar
ison_posRMSE_time.pdf>]) <images/Bunch-bw.jpg, id=61, 180.675pt x 225.84375pt>
File: images/Bunch-bw.jpg Graphic file (type jpg)

<use images/Bunch-bw.jpg>
File: images/Bunch-bw.jpg Graphic file (type jpg)
 <use images/Bunch-bw.jpg>
<images/Godsill.jpg, id=64, 953.5625pt x 1204.5pt>
File: images/Godsill.jpg Graphic file (type jpg)
 <use images/Godsill.jpg>
File: images/Godsill.jpg Graphic file (type jpg)

<use images/Godsill.jpg>
Missing character: There is no ’ in font ptmr7t!
 [8 <D:/pb404/MCMCSmoother/Paper/complete/images/Bunch-bw.jpg> <D:/pb404/MCMCSm
oother/Paper/complete/images/Godsill.jpg>]
(D:\pb404\MCMCSmoother\Paper\complete\finaldraft_MCMCsmoother.aux) ) 
Here is how much of TeX's memory you used:
 3743 strings out of 494019
 55969 string characters out of 3143883
 144170 words of memory out of 3000000
 6989 multiletter control sequences out of 15000+200000
 45811 words of font info for 83 fonts, out of 3000000 for 9000
 717 hyphenation exceptions out of 8191
 36i,21n,45p,1104b,550s stack positions out of 5000i,500n,10000p,200000b,50000s
{C:/Program
 Files (x86)/MiKTeX 2.9/fonts/enc/dvips/fontname/8r.enc}<C:/Program Files (x86)
/MiKTeX 2.9/fonts/type1/public/amsfonts/cm/cmbx10.pfb><C:/Program Files (x86)/M
iKTeX 2.9/fonts/type1/public/amsfonts/cm/cmbx7.pfb><C:/Program Files (x86)/MiKT
eX 2.9/fonts/type1/public/amsfonts/cm/cmex10.pfb><C:/Program Files (x86)/MiKTeX
 2.9/fonts/type1/public/amsfonts/cm/cmmi10.pfb><C:/Program Files (x86)/MiKTeX 2
.9/fonts/type1/public/amsfonts/cm/cmmi5.pfb><C:/Program Files (x86)/MiKTeX 2.9/
fonts/type1/public/amsfonts/cm/cmmi7.pfb><C:/Program Files (x86)/MiKTeX 2.9/fon
ts/type1/public/amsfonts/cm/cmr10.pfb><C:/Program Files (x86)/MiKTeX 2.9/fonts/
type1/public/amsfonts/cm/cmr5.pfb><C:/Program Files (x86)/MiKTeX 2.9/fonts/type
1/public/amsfonts/cm/cmr7.pfb><C:/Program Files (x86)/MiKTeX 2.9/fonts/type1/pu
blic/amsfonts/cm/cmsy10.pfb><C:/Program Files (x86)/MiKTeX 2.9/fonts/type1/publ
ic/amsfonts/cm/cmsy5.pfb><C:/Program Files (x86)/MiKTeX 2.9/fonts/type1/public/
amsfonts/cm/cmsy7.pfb><C:/Program Files (x86)/MiKTeX 2.9/fonts/type1/public/ams
fonts/cm/cmsy8.pfb><C:/Program Files (x86)/MiKTeX 2.9/fonts/type1/urw/times/utm
b8a.pfb><C:/Program Files (x86)/MiKTeX 2.9/fonts/type1/urw/times/utmbi8a.pfb><C
:/Program Files (x86)/MiKTeX 2.9/fonts/type1/urw/times/utmr8a.pfb><C:/Program F
iles (x86)/MiKTeX 2.9/fonts/type1/urw/times/utmri8a.pfb>
Output written on finaldraft_MCMCsmoother.pdf (8 pages, 392985 bytes).
PDF statistics:
 126 PDF objects out of 1000 (max. 8388607)
 0 named destinations out of 1000 (max. 500000)
 55 words of extra memory for PDF output out of 10000 (max. 10000000)

