This is pdfTeX, Version 3.1415926-1.40.11 (MiKTeX 2.9) (preloaded format=pdflatex 2012.1.9)  25 SEP 2012 10:56
entering extended mode
**preprint_MCMCsmoother.tex
(D:\pb404\Research\MCMCSmoother\Paper\complete\preprint_MCMCsmoother.tex
LaTeX2e <2009/09/24>
Babel <v3.8l> and hyphenation patterns for english, afrikaans, ancientgreek, ar
abic, armenian, assamese, basque, bengali, bokmal, bulgarian, catalan, coptic, 
croatian, czech, danish, dutch, esperanto, estonian, farsi, finnish, french, ga
lician, german, german-x-2009-06-19, greek, gujarati, hindi, hungarian, iceland
ic, indonesian, interlingua, irish, italian, kannada, kurmanji, lao, latin, lat
vian, lithuanian, malayalam, marathi, mongolian, mongolianlmc, monogreek, ngerm
an, ngerman-x-2009-06-19, nynorsk, oriya, panjabi, pinyin, polish, portuguese, 
romanian, russian, sanskrit, serbian, slovak, slovenian, spanish, swedish, swis
sgerman, tamil, telugu, turkish, turkmen, ukenglish, ukrainian, uppersorbian, u
senglishmax, welsh, loaded.
("C:\Program Files (x86)\MiKTeX 2.9\tex\latex\base\article.cls"
Document Class: article 2007/10/19 v1.4h Standard LaTeX document class
("C:\Program Files (x86)\MiKTeX 2.9\tex\latex\base\size10.clo"
File: size10.clo 2007/10/19 v1.4h Standard LaTeX file (size option)
)
\c@part=\count79
\c@section=\count80
\c@subsection=\count81
\c@subsubsection=\count82
\c@paragraph=\count83
\c@subparagraph=\count84
\c@figure=\count85
\c@table=\count86
\abovecaptionskip=\skip41
\belowcaptionskip=\skip42
\bibindent=\dimen102
)
(D:\pb404\Research\MCMCSmoother\Paper\complete\IEEEtrantools.sty
Package: IEEEtrantools 2007/01/11 V1.2 by Michael Shell

-- See the "IEEEtrantools_doc.txt" manual for usage information.
-- http://www.michaelshell.org/tex/ieeetran/tools/
\@IEEEtrantmpdimenA=\dimen103
\@IEEEtrantmpdimenB=\dimen104
\@IEEEtrantmpcountA=\count87
\@IEEEtrantmpcountB=\count88
\@IEEEtrantmptoksA=\toks14
\IEEEnormaljot=\dimen105
\IEEEilabelindentA=\dimen106
\IEEEilabelindentB=\dimen107
\IEEEilabelindent=\dimen108
\IEEEelabelindent=\dimen109
\IEEEdlabelindent=\dimen110
\IEEElabelindent=\dimen111
\IEEEiednormlabelsep=\dimen112
\IEEEiedmathlabelsep=\dimen113
\IEEEiedtopsep=\skip43
\c@IEEEsubequation=\count89
\@IEEEeqnnumcols=\count90
\@IEEEeqncolcnt=\count91
\IEEEPARstartletwidth=\dimen114
) ("C:\Program Files (x86)\MiKTeX 2.9\tex\latex\cite\cite.sty"
LaTeX Info: Redefining \cite on input line 302.
LaTeX Info: Redefining \nocite on input line 373.
Package: cite 2010/09/10  v 5.3
)
("C:\Program Files (x86)\MiKTeX 2.9\tex\latex\graphics\graphicx.sty"
Package: graphicx 1999/02/16 v1.0f Enhanced LaTeX Graphics (DPC,SPQR)

("C:\Program Files (x86)\MiKTeX 2.9\tex\latex\graphics\keyval.sty"
Package: keyval 1999/03/16 v1.13 key=value parser (DPC)
\KV@toks@=\toks15
)
("C:\Program Files (x86)\MiKTeX 2.9\tex\latex\graphics\graphics.sty"
Package: graphics 2009/02/05 v1.0o Standard LaTeX Graphics (DPC,SPQR)

("C:\Program Files (x86)\MiKTeX 2.9\tex\latex\graphics\trig.sty"
Package: trig 1999/03/16 v1.09 sin cos tan (DPC)
)
("C:\Program Files (x86)\MiKTeX 2.9\tex\latex\00miktex\graphics.cfg"
File: graphics.cfg 2007/01/18 v1.5 graphics configuration of teTeX/TeXLive
)
Package graphics Info: Driver file: pdftex.def on input line 91.

("C:\Program Files (x86)\MiKTeX 2.9\tex\latex\pdftex-def\pdftex.def"
File: pdftex.def 2010/09/14 v0.05b Graphics/color for pdfTeX
\Gread@gobject=\count92
))
\Gin@req@height=\dimen115
\Gin@req@width=\dimen116
)
("C:\Program Files (x86)\MiKTeX 2.9\tex\latex\ams\math\amsmath.sty"
Package: amsmath 2000/07/18 v2.13 AMS math features
\@mathmargin=\skip44

For additional information on amsmath, use the `?' option.
("C:\Program Files (x86)\MiKTeX 2.9\tex\latex\ams\math\amstext.sty"
Package: amstext 2000/06/29 v2.01

("C:\Program Files (x86)\MiKTeX 2.9\tex\latex\ams\math\amsgen.sty"
File: amsgen.sty 1999/11/30 v2.0
\@emptytoks=\toks16
\ex@=\dimen117
))
("C:\Program Files (x86)\MiKTeX 2.9\tex\latex\ams\math\amsbsy.sty"
Package: amsbsy 1999/11/29 v1.2d
\pmbraise@=\dimen118
)
("C:\Program Files (x86)\MiKTeX 2.9\tex\latex\ams\math\amsopn.sty"
Package: amsopn 1999/12/14 v2.01 operator names
)
\inf@bad=\count93
LaTeX Info: Redefining \frac on input line 211.
\uproot@=\count94
\leftroot@=\count95
LaTeX Info: Redefining \overline on input line 307.
\classnum@=\count96
\DOTSCASE@=\count97
LaTeX Info: Redefining \ldots on input line 379.
LaTeX Info: Redefining \dots on input line 382.
LaTeX Info: Redefining \cdots on input line 467.
\Mathstrutbox@=\box26
\strutbox@=\box27
\big@size=\dimen119
LaTeX Font Info:    Redeclaring font encoding OML on input line 567.
LaTeX Font Info:    Redeclaring font encoding OMS on input line 568.
\macc@depth=\count98
\c@MaxMatrixCols=\count99
\dotsspace@=\muskip10
\c@parentequation=\count100
\dspbrk@lvl=\count101
\tag@help=\toks17
\row@=\count102
\column@=\count103
\maxfields@=\count104
\andhelp@=\toks18
\eqnshift@=\dimen120
\alignsep@=\dimen121
\tagshift@=\dimen122
\tagwidth@=\dimen123
\totwidth@=\dimen124
\lineht@=\dimen125
\@envbody=\toks19
\multlinegap=\skip45
\multlinetaggap=\skip46
\mathdisplay@stack=\toks20
LaTeX Info: Redefining \[ on input line 2666.
LaTeX Info: Redefining \] on input line 2667.
)
("C:\Program Files (x86)\MiKTeX 2.9\tex\latex\algorithms\algorithmic.sty"
Package: algorithmic 2009/08/24 v0.1 Document Style `algorithmic'

("C:\Program Files (x86)\MiKTeX 2.9\tex\latex\base\ifthen.sty"
Package: ifthen 2001/05/26 v1.1c Standard LaTeX ifthen package (DPC)
)
\c@ALC@unique=\count105
\c@ALC@line=\count106
\c@ALC@rem=\count107
\c@ALC@depth=\count108
\ALC@tlm=\skip47
\algorithmicindent=\skip48
)
("C:\Program Files (x86)\MiKTeX 2.9\tex\latex\tools\array.sty"
Package: array 2008/09/09 v2.4c Tabular extension package (FMi)
\col@sep=\dimen126
\extrarowheight=\dimen127
\NC@list=\toks21
\extratabsurround=\skip49
\backup@length=\skip50
)
("C:\Program Files (x86)\MiKTeX 2.9\tex\latex\mdwtools\mdwmath.sty"
Package: mdwmath 1996/04/11 1.1 Nice mathematical things
\sq@sqrt=\count109
LaTeX Info: Redefining \sqrt on input line 84.
)
("C:\Program Files (x86)\MiKTeX 2.9\tex\latex\mdwtools\mdwtab.sty"
Package: mdwtab 1998/04/28 1.9 Table typesetting with style
\tab@state=\count110
\tab@columns=\count111
\tab@preamble=\toks22
\tab@shortline=\toks23
\extrarowheight=\dimen128
\tabextrasep=\dimen129
\arrayextrasep=\dimen130
\smarraycolsep=\dimen131
\smarrayextrasep=\dimen132
\tab@width=\dimen133
\col@sep=\dimen134
\tab@endheight=\dimen135
\tab@leftskip=\skip51
\tab@rightskip=\skip52
\fn@notes=\box28
\fn@width=\dimen136
)
("C:\Program Files (x86)\MiKTeX 2.9\tex\latex\eqparbox\eqparbox.sty"
Package: eqparbox 2010/01/01 v3.1 Create equal-widthed boxes
\eqp@tempdima=\skip53
\eqp@tempdimb=\skip54
)
("C:\Program Files (x86)\MiKTeX 2.9\tex\latex\subfig\subfig.sty"
Package: subfig 2005/06/28 ver: 1.3 subfig package

("C:\Program Files (x86)\MiKTeX 2.9\tex\latex\caption\caption3.sty"
Package: caption3 2010/01/14 v3.1m caption3 kernel (AR)
\captionmargin=\dimen137
\captionmargin@=\dimen138
\captionwidth=\dimen139
\caption@indent=\dimen140
\caption@parindent=\dimen141
\caption@hangindent=\dimen142
)
\c@KVtest=\count112
\sf@farskip=\skip55
\sf@captopadj=\dimen143
\sf@capskip=\skip56
\sf@nearskip=\skip57
\c@subfigure=\count113
\c@subfigure@save=\count114
\c@lofdepth=\count115
\c@subtable=\count116
\c@subtable@save=\count117
\c@lotdepth=\count118
\sf@top=\skip58
\sf@bottom=\skip59
)
("C:\Program Files (x86)\MiKTeX 2.9\tex\latex\base\fixltx2e.sty"
Package: fixltx2e 2006/09/13 v1.1m fixes to LaTeX
LaTeX Info: Redefining \em on input line 420.
LaTeX Info: The control sequence `\[' is already robust on input line 471.
LaTeX Info: The control sequence `\]' is already robust on input line 472.
)
("C:\Program Files (x86)\MiKTeX 2.9\tex\latex\ltxmisc\url.sty"
\Urlmuskip=\muskip11
Package: url 2006/04/12  ver 3.3  Verb mode for urls, etc.
)
("C:\Program Files (x86)\MiKTeX 2.9\tex\latex\graphics\color.sty"
Package: color 2005/11/14 v1.0j Standard LaTeX Color (DPC)

("C:\Program Files (x86)\MiKTeX 2.9\tex\latex\00miktex\color.cfg"
File: color.cfg 2007/01/18 v1.5 color configuration of teTeX/TeXLive
)
Package color Info: Driver file: pdftex.def on input line 130.
)
(D:\pb404\Research\MCMCSmoother\Paper\complete\preprint_MCMCsmoother.aux)
LaTeX Font Info:    Checking defaults for OML/cmm/m/it on input line 26.
LaTeX Font Info:    ... okay on input line 26.
LaTeX Font Info:    Checking defaults for T1/cmr/m/n on input line 26.
LaTeX Font Info:    ... okay on input line 26.
LaTeX Font Info:    Checking defaults for OT1/cmr/m/n on input line 26.
LaTeX Font Info:    ... okay on input line 26.
LaTeX Font Info:    Checking defaults for OMS/cmsy/m/n on input line 26.
LaTeX Font Info:    ... okay on input line 26.
LaTeX Font Info:    Checking defaults for OMX/cmex/m/n on input line 26.
LaTeX Font Info:    ... okay on input line 26.
LaTeX Font Info:    Checking defaults for U/cmr/m/n on input line 26.
LaTeX Font Info:    ... okay on input line 26.

("C:\Program Files (x86)\MiKTeX 2.9\tex\context\base\supp-pdf.mkii"
[Loading MPS to PDF converter (version 2006.09.02).]
\scratchcounter=\count119
\scratchdimen=\dimen144
\scratchbox=\box29
\nofMPsegments=\count120
\nofMParguments=\count121
\everyMPshowfont=\toks24
\MPscratchCnt=\count122
\MPscratchDim=\dimen145
\MPnumerator=\count123
\everyMPtoPDFconversion=\toks25
)
Package caption Info: Begin \AtBeginDocument code.
Package caption3 Info: subfig package 1.2 or 1.3 is loaded.
LaTeX Info: Redefining \subref on input line 26.
Package caption Info: End \AtBeginDocument code.
LaTeX Font Info:    External font `cmex10' loaded for size
(Font)              <12> on input line 38.
LaTeX Font Info:    External font `cmex10' loaded for size
(Font)              <8> on input line 38.
LaTeX Font Info:    External font `cmex10' loaded for size
(Font)              <6> on input line 38.
LaTeX Font Info:    Try loading font information for OMS+cmr on input line 38.
 ("C:\Program Files (x86)\MiKTeX 2.9\tex\latex\base\omscmr.fd"
File: omscmr.fd 1999/05/25 v2.5h Standard LaTeX font definitions
)
LaTeX Font Info:    Font shape `OMS/cmr/m/n' in size <8> not available
(Font)              Font shape `OMS/cmsy/m/n' tried instead on input line 38.
LaTeX Font Info:    External font `cmex10' loaded for size
(Font)              <5> on input line 38.
LaTeX Font Info:    Font shape `OMS/cmr/m/n' in size <6> not available
(Font)              Font shape `OMS/cmsy/m/n' tried instead on input line 38.

Overfull \hbox (1.21678pt too wide) in paragraph at lines 42--43
[]\OT1/cmr/m/n/9 Particle fil-ter-ing and smooth-ing al-go-rithms ap-prox-i-mat
e pos-te-rior state
 []

LaTeX Font Info:    External font `cmex10' loaded for size
(Font)              <7> on input line 55.
[1

{C:/Users/pb404/AppData/Local/MiKTeX/2.9/pdftex/config/pdftex.map}] [2]
Overfull \hbox (6.79999pt too wide) in paragraph at lines 129--130
[][] 
 []

[3]
Overfull \hbox (6.79999pt too wide) in paragraph at lines 156--157
[][] 
 []

[4]
Overfull \hbox (6.79999pt too wide) in paragraph at lines 200--201
[][] 
 []


Overfull \hbox (24.12405pt too wide) in paragraph at lines 205--206
[]\OT1/cmr/m/n/10 A method for draw-ing sam-ples from the joint smooth-ing dis-
tri-bu-tion, $\OML/cmm/m/it/10 p\OT1/cmr/m/n/10 (\OML/cmm/m/it/10 x[]\OMS/cmsy/
m/n/10 j\OML/cmm/m/it/10 y[]\OT1/cmr/m/n/10 )$,
 []

[5] [6] [7]
Overfull \hbox (6.79999pt too wide) in paragraph at lines 262--263
[][] 
 []

[8] [9]
Overfull \hbox (18.0006pt too wide) in paragraph at lines 309--310
[]\OT1/cmr/m/n/10 We re-fer to this al-go-rithm as the Metropolis-Hastings forw
ard-filtering-backward-
 []


Overfull \hbox (6.79999pt too wide) in paragraph at lines 331--332
[][] 
 []

[10] [11] [12]
LaTeX Font Info:    Font shape `OMS/cmr/m/n' in size <10> not available
(Font)              Font shape `OMS/cmsy/m/n' tried instead on input line 387.

Overfull \hbox (10.05624pt too wide) in paragraph at lines 389--390
[]\OT1/cmr/m/n/10 The new Metropolis-Hastings forward-filtering-backward-sampli
ng smoother
 []


Overfull \hbox (12.58403pt too wide) in paragraph at lines 390--391
[]\OT1/cmr/m/n/10 The new Metropo-lis Hast-ings forward-filtering-backward-prop
osing smoother
 []

<images/case1_trajectory.pdf, id=58, 373.395pt x 297.11pt>
File: images/case1_trajectory.pdf Graphic file (type pdf)

<use images/case1_trajectory.pdf>
<images/case2_trajectory.pdf, id=59, 373.395pt x 297.11pt>
File: images/case2_trajectory.pdf Graphic file (type pdf)

<use images/case2_trajectory.pdf>
<images/case3_trajectory.pdf, id=60, 373.395pt x 297.11pt>
File: images/case3_trajectory.pdf Graphic file (type pdf)

<use images/case3_trajectory.pdf> [13] [14 <D:/pb404/Research/MCMCSmoother/Pape
r/complete/images/case1_trajectory.pdf> <D:/pb404/Research/MCMCSmoother/Paper/c
omplete/images/case2_trajectory.pdf> <D:/pb404/Research/MCMCSmoother/Paper/comp
lete/images/case3_trajectory.pdf>]
Overfull \hbox (2.76227pt too wide) in paragraph at lines 428--428
[]\OT1/cmr/m/n/7 Position
 []


Overfull \hbox (2.60117pt too wide) in paragraph at lines 428--428
[]\OT1/cmr/m/n/7 Velocity
 []


Overfull \hbox (0.83725pt too wide) in paragraph at lines 428--428
[]\OT1/cmr/m/n/7 ENEES 
 []


Overfull \hbox (4.11505pt too wide) in paragraph at lines 428--428
[]\OT1/cmr/m/n/7 Running
 []


Underfull \hbox (badness 10000) in paragraph at lines 428--428
\OT1/cmr/m/n/7 Time
 []


Underfull \hbox (badness 10000) in paragraph at lines 428--428
[]\OT1/cmr/m/n/7 Unique
 []


Underfull \hbox (badness 10000) in paragraph at lines 428--428
\OT1/cmr/m/n/7 Par-ti-
 []


Overfull \hbox (2.76227pt too wide) in paragraph at lines 458--458
[]\OT1/cmr/m/n/7 Position
 []


Overfull \hbox (2.60117pt too wide) in paragraph at lines 458--458
[]\OT1/cmr/m/n/7 Velocity
 []


Overfull \hbox (0.83725pt too wide) in paragraph at lines 458--458
[]\OT1/cmr/m/n/7 ENEES 
 []


Overfull \hbox (4.11505pt too wide) in paragraph at lines 458--458
[]\OT1/cmr/m/n/7 Running
 []


Underfull \hbox (badness 10000) in paragraph at lines 458--458
\OT1/cmr/m/n/7 Time
 []


Underfull \hbox (badness 10000) in paragraph at lines 458--458
[]\OT1/cmr/m/n/7 Unique
 []


Underfull \hbox (badness 10000) in paragraph at lines 458--458
\OT1/cmr/m/n/7 Par-ti-
 []


Overfull \hbox (2.76227pt too wide) in paragraph at lines 487--487
[]\OT1/cmr/m/n/7 Position
 []


Overfull \hbox (2.60117pt too wide) in paragraph at lines 487--487
[]\OT1/cmr/m/n/7 Velocity
 []


Overfull \hbox (0.83725pt too wide) in paragraph at lines 487--487
[]\OT1/cmr/m/n/7 ENEES 
 []


Overfull \hbox (4.11505pt too wide) in paragraph at lines 487--487
[]\OT1/cmr/m/n/7 Running
 []


Underfull \hbox (badness 10000) in paragraph at lines 487--487
\OT1/cmr/m/n/7 Time
 []


Underfull \hbox (badness 10000) in paragraph at lines 487--487
[]\OT1/cmr/m/n/7 Unique
 []


Underfull \hbox (badness 10000) in paragraph at lines 487--487
\OT1/cmr/m/n/7 Par-ti-
 []


<images/case1_smoother_comparison_posRMSE_time.pdf, id=87, 378.41376pt x 297.11
pt>
File: images/case1_smoother_comparison_posRMSE_time.pdf Graphic file (type pdf)

 <use images/case1_smoother_comparison_posRMSE_time.pdf>
<images/case2_smoother_comparison_posRMSE_time.pdf, id=88, 378.41376pt x 297.11
pt>
File: images/case2_smoother_comparison_posRMSE_time.pdf Graphic file (type pdf)

 <use images/case2_smoother_comparison_posRMSE_time.pdf>
<images/case3_smoother_comparison_posRMSE_time.pdf, id=89, 373.395pt x 297.11pt
>
File: images/case3_smoother_comparison_posRMSE_time.pdf Graphic file (type pdf)

 <use images/case3_smoother_comparison_posRMSE_time.pdf> [15]
Overfull \hbox (2.11174pt too wide) in paragraph at lines 531--532
\OT1/cmr/m/n/10 this scheme ap-proaches that of the stan-dard forward-filtering
-backward-sampling
 []

[16] [17 <D:/pb404/Research/MCMCSmoother/Paper/complete/images/case1_smoother_c
omparison_posRMSE_time.pdf> <D:/pb404/Research/MCMCSmoother/Paper/complete/imag
es/case2_smoother_comparison_posRMSE_time.pdf> <D:/pb404/Research/MCMCSmoother/
Paper/complete/images/case3_smoother_comparison_posRMSE_time.pdf>]
(D:\pb404\Research\MCMCSmoother\Paper\complete\preprint_MCMCsmoother.bbl
Missing character: There is no – in font cmr10!

[18]) [19]
(D:\pb404\Research\MCMCSmoother\Paper\complete\preprint_MCMCsmoother.aux) ) 
Here is how much of TeX's memory you used:
 3424 strings out of 494019
 49852 string characters out of 3143883
 132893 words of memory out of 3000000
 6682 multiletter control sequences out of 15000+200000
 9467 words of font info for 33 fonts, out of 3000000 for 9000
 714 hyphenation exceptions out of 8191
 36i,21n,45p,1097b,608s stack positions out of 5000i,500n,10000p,200000b,50000s
<C:/
Program Files (x86)/MiKTeX 2.9/fonts/type1/public/amsfonts/cm/cmbx10.pfb><C:/Pr
ogram Files (x86)/MiKTeX 2.9/fonts/type1/public/amsfonts/cm/cmbx12.pfb><C:/Prog
ram Files (x86)/MiKTeX 2.9/fonts/type1/public/amsfonts/cm/cmbx7.pfb><C:/Program
 Files (x86)/MiKTeX 2.9/fonts/type1/public/amsfonts/cm/cmbx9.pfb><C:/Program Fi
les (x86)/MiKTeX 2.9/fonts/type1/public/amsfonts/cm/cmex10.pfb><C:/Program File
s (x86)/MiKTeX 2.9/fonts/type1/public/amsfonts/cm/cmmi10.pfb><C:/Program Files 
(x86)/MiKTeX 2.9/fonts/type1/public/amsfonts/cm/cmmi5.pfb><C:/Program Files (x8
6)/MiKTeX 2.9/fonts/type1/public/amsfonts/cm/cmmi7.pfb><C:/Program Files (x86)/
MiKTeX 2.9/fonts/type1/public/amsfonts/cm/cmr10.pfb><C:/Program Files (x86)/MiK
TeX 2.9/fonts/type1/public/amsfonts/cm/cmr12.pfb><C:/Program Files (x86)/MiKTeX
 2.9/fonts/type1/public/amsfonts/cm/cmr17.pfb><C:/Program Files (x86)/MiKTeX 2.
9/fonts/type1/public/amsfonts/cm/cmr5.pfb><C:/Program Files (x86)/MiKTeX 2.9/fo
nts/type1/public/amsfonts/cm/cmr7.pfb><C:/Program Files (x86)/MiKTeX 2.9/fonts/
type1/public/amsfonts/cm/cmr8.pfb><C:/Program Files (x86)/MiKTeX 2.9/fonts/type
1/public/amsfonts/cm/cmr9.pfb><C:/Program Files (x86)/MiKTeX 2.9/fonts/type1/pu
blic/amsfonts/cm/cmsy10.pfb><C:/Program Files (x86)/MiKTeX 2.9/fonts/type1/publ
ic/amsfonts/cm/cmsy5.pfb><C:/Program Files (x86)/MiKTeX 2.9/fonts/type1/public/
amsfonts/cm/cmsy6.pfb><C:/Program Files (x86)/MiKTeX 2.9/fonts/type1/public/ams
fonts/cm/cmsy7.pfb><C:/Program Files (x86)/MiKTeX 2.9/fonts/type1/public/amsfon
ts/cm/cmsy8.pfb><C:/Program Files (x86)/MiKTeX 2.9/fonts/type1/public/amsfonts/
cm/cmti10.pfb>
Output written on preprint_MCMCsmoother.pdf (19 pages, 368760 bytes).
PDF statistics:
 190 PDF objects out of 1000 (max. 8388607)
 0 named destinations out of 1000 (max. 500000)
 31 words of extra memory for PDF output out of 10000 (max. 10000000)

