This is pdfTeX, Version 3.1415926-1.40.11 (MiKTeX 2.9) (preloaded format=latex 2012.1.9)  25 JAN 2012 16:01
entering extended mode
**\let \APPmakepictures \empty \input  draft3_MCMCsmoother.tex
(D:\pb404\MCMCSmoother\Paper\draft3_MCMCsmoother.tex ("C:\Program Files (x86)\M
iKTeX 2.9\tex\latex\ieeetran\IEEEtran.cls"
Document Class: IEEEtran 2007/03/05 V1.7a by Michael Shell
-- See the "IEEEtran_HOWTO" manual for usage information.
-- http://www.michaelshell.org/tex/ieeetran/
\@IEEEtrantmpdimenA=\dimen102
\@IEEEtrantmpdimenB=\dimen103
\@IEEEtrantmpcountA=\count79
\@IEEEtrantmpcountB=\count80
\@IEEEtrantmptoksA=\toks14
LaTeX Font Info:    Try loading font information for OT1+ptm on input line 366.

("C:\Program Files (x86)\MiKTeX 2.9\tex\latex\psnfss\ot1ptm.fd"
File: ot1ptm.fd 2001/06/04 font definitions for OT1/ptm.
)
-- Using 8.5in x 11in (letter) paper.
-- Using DVI output.
\@IEEEnormalsizeunitybaselineskip=\dimen104
-- This is a 10 point document.
\CLASSINFOnormalsizebaselineskip=\dimen105
\CLASSINFOnormalsizeunitybaselineskip=\dimen106
\IEEEnormaljot=\dimen107
LaTeX Font Info:    Font shape `OT1/ptm/bx/n' in size <5> not available
(Font)              Font shape `OT1/ptm/b/n' tried instead on input line 724.
LaTeX Font Info:    Font shape `OT1/ptm/bx/it' in size <5> not available
(Font)              Font shape `OT1/ptm/b/it' tried instead on input line 724.
LaTeX Font Info:    Font shape `OT1/ptm/bx/n' in size <7> not available
(Font)              Font shape `OT1/ptm/b/n' tried instead on input line 724.
LaTeX Font Info:    Font shape `OT1/ptm/bx/it' in size <7> not available
(Font)              Font shape `OT1/ptm/b/it' tried instead on input line 724.
LaTeX Font Info:    Font shape `OT1/ptm/bx/n' in size <8> not available
(Font)              Font shape `OT1/ptm/b/n' tried instead on input line 724.
LaTeX Font Info:    Font shape `OT1/ptm/bx/it' in size <8> not available
(Font)              Font shape `OT1/ptm/b/it' tried instead on input line 724.
LaTeX Font Info:    Font shape `OT1/ptm/bx/n' in size <9> not available
(Font)              Font shape `OT1/ptm/b/n' tried instead on input line 724.
LaTeX Font Info:    Font shape `OT1/ptm/bx/it' in size <9> not available
(Font)              Font shape `OT1/ptm/b/it' tried instead on input line 724.
LaTeX Font Info:    Font shape `OT1/ptm/bx/n' in size <10> not available
(Font)              Font shape `OT1/ptm/b/n' tried instead on input line 724.
LaTeX Font Info:    Font shape `OT1/ptm/bx/it' in size <10> not available
(Font)              Font shape `OT1/ptm/b/it' tried instead on input line 724.
LaTeX Font Info:    Font shape `OT1/ptm/bx/n' in size <11> not available
(Font)              Font shape `OT1/ptm/b/n' tried instead on input line 724.
LaTeX Font Info:    Font shape `OT1/ptm/bx/it' in size <11> not available
(Font)              Font shape `OT1/ptm/b/it' tried instead on input line 724.
LaTeX Font Info:    Font shape `OT1/ptm/bx/n' in size <12> not available
(Font)              Font shape `OT1/ptm/b/n' tried instead on input line 724.
LaTeX Font Info:    Font shape `OT1/ptm/bx/it' in size <12> not available
(Font)              Font shape `OT1/ptm/b/it' tried instead on input line 724.
LaTeX Font Info:    Font shape `OT1/ptm/bx/n' in size <17> not available
(Font)              Font shape `OT1/ptm/b/n' tried instead on input line 724.
LaTeX Font Info:    Font shape `OT1/ptm/bx/it' in size <17> not available
(Font)              Font shape `OT1/ptm/b/it' tried instead on input line 724.
LaTeX Font Info:    Font shape `OT1/ptm/bx/n' in size <20> not available
(Font)              Font shape `OT1/ptm/b/n' tried instead on input line 724.
LaTeX Font Info:    Font shape `OT1/ptm/bx/it' in size <20> not available
(Font)              Font shape `OT1/ptm/b/it' tried instead on input line 724.
LaTeX Font Info:    Font shape `OT1/ptm/bx/n' in size <24> not available
(Font)              Font shape `OT1/ptm/b/n' tried instead on input line 724.
LaTeX Font Info:    Font shape `OT1/ptm/bx/it' in size <24> not available
(Font)              Font shape `OT1/ptm/b/it' tried instead on input line 724.
\IEEEilabelindentA=\dimen108
\IEEEilabelindentB=\dimen109
\IEEEilabelindent=\dimen110
\IEEEelabelindent=\dimen111
\IEEEdlabelindent=\dimen112
\IEEElabelindent=\dimen113
\IEEEiednormlabelsep=\dimen114
\IEEEiedmathlabelsep=\dimen115
\IEEEiedtopsep=\skip41
\c@section=\count81
\c@subsection=\count82
\c@subsubsection=\count83
\c@paragraph=\count84
\c@IEEEsubequation=\count85
\abovecaptionskip=\skip42
\belowcaptionskip=\skip43
\c@figure=\count86
\c@table=\count87
\@IEEEeqnnumcols=\count88
\@IEEEeqncolcnt=\count89
\@IEEEtmpitemindent=\dimen116
\c@IEEEbiography=\count90
\@IEEEtranrubishbin=\box26
) ("C:\Program Files (x86)\MiKTeX 2.9\tex\latex\cite\cite.sty"
LaTeX Info: Redefining \cite on input line 302.
LaTeX Info: Redefining \nocite on input line 373.
Package: cite 2010/09/10  v 5.3
) ("C:\Program Files (x86)\MiKTeX 2.9\tex\latex\graphics\graphicx.sty"
Package: graphicx 1999/02/16 v1.0f Enhanced LaTeX Graphics (DPC,SPQR)
("C:\Program Files (x86)\MiKTeX 2.9\tex\latex\graphics\keyval.sty"
Package: keyval 1999/03/16 v1.13 key=value parser (DPC)
\KV@toks@=\toks15
) ("C:\Program Files (x86)\MiKTeX 2.9\tex\latex\graphics\graphics.sty"
Package: graphics 2009/02/05 v1.0o Standard LaTeX Graphics (DPC,SPQR)
("C:\Program Files (x86)\MiKTeX 2.9\tex\latex\graphics\trig.sty"
Package: trig 1999/03/16 v1.09 sin cos tan (DPC)
) ("C:\Program Files (x86)\MiKTeX 2.9\tex\latex\00miktex\graphics.cfg"
File: graphics.cfg 2007/01/18 v1.5 graphics configuration of teTeX/TeXLive
)
Package graphics Info: Driver file: dvips.def on input line 91.
("C:\Program Files (x86)\MiKTeX 2.9\tex\latex\graphics\dvips.def"
File: dvips.def 1999/02/16 v3.0i Driver-dependant file (DPC,SPQR)
))
\Gin@req@height=\dimen117
\Gin@req@width=\dimen118
) ("C:\Program Files (x86)\MiKTeX 2.9\tex\latex\ams\math\amsmath.sty"
Package: amsmath 2000/07/18 v2.13 AMS math features
\@mathmargin=\skip44
For additional information on amsmath, use the `?' option.
("C:\Program Files (x86)\MiKTeX 2.9\tex\latex\ams\math\amstext.sty"
Package: amstext 2000/06/29 v2.01
("C:\Program Files (x86)\MiKTeX 2.9\tex\latex\ams\math\amsgen.sty"
File: amsgen.sty 1999/11/30 v2.0
\@emptytoks=\toks16
\ex@=\dimen119
)) ("C:\Program Files (x86)\MiKTeX 2.9\tex\latex\ams\math\amsbsy.sty"
Package: amsbsy 1999/11/29 v1.2d
\pmbraise@=\dimen120
) ("C:\Program Files (x86)\MiKTeX 2.9\tex\latex\ams\math\amsopn.sty"
Package: amsopn 1999/12/14 v2.01 operator names
)
\inf@bad=\count91
LaTeX Info: Redefining \frac on input line 211.
\uproot@=\count92
\leftroot@=\count93
LaTeX Info: Redefining \overline on input line 307.
\classnum@=\count94
\DOTSCASE@=\count95
LaTeX Info: Redefining \ldots on input line 379.
LaTeX Info: Redefining \dots on input line 382.
LaTeX Info: Redefining \cdots on input line 467.
\Mathstrutbox@=\box27
\strutbox@=\box28
\big@size=\dimen121
LaTeX Font Info:    Redeclaring font encoding OML on input line 567.
LaTeX Font Info:    Redeclaring font encoding OMS on input line 568.
\macc@depth=\count96
\c@MaxMatrixCols=\count97
\dotsspace@=\muskip10
\c@parentequation=\count98
\dspbrk@lvl=\count99
\tag@help=\toks17
\row@=\count100
\column@=\count101
\maxfields@=\count102
\andhelp@=\toks18
\eqnshift@=\dimen122
\alignsep@=\dimen123
\tagshift@=\dimen124
\tagwidth@=\dimen125
\totwidth@=\dimen126
\lineht@=\dimen127
\@envbody=\toks19
\multlinegap=\skip45
\multlinetaggap=\skip46
\mathdisplay@stack=\toks20
LaTeX Info: Redefining \[ on input line 2666.
LaTeX Info: Redefining \] on input line 2667.
) ("C:\Program Files (x86)\MiKTeX 2.9\tex\latex\algorithms\algorithm.sty"
Package: algorithm 2009/08/24 v0.1 Document Style `algorithm' - floating enviro
nment
("C:\Program Files (x86)\MiKTeX 2.9\tex\latex\float\float.sty"
Package: float 2001/11/08 v1.3d Float enhancements (AL)
\c@float@type=\count103
\float@exts=\toks21
\float@box=\box29
\@float@everytoks=\toks22
\@floatcapt=\box30
) ("C:\Program Files (x86)\MiKTeX 2.9\tex\latex\base\ifthen.sty"
Package: ifthen 2001/05/26 v1.1c Standard LaTeX ifthen package (DPC)
)
\@float@every@algorithm=\toks23
\c@algorithm=\count104
) ("C:\Program Files (x86)\MiKTeX 2.9\tex\latex\algorithms\algorithmic.sty"
Package: algorithmic 2009/08/24 v0.1 Document Style `algorithmic'
\c@ALC@unique=\count105
\c@ALC@line=\count106
\c@ALC@rem=\count107
\c@ALC@depth=\count108
\ALC@tlm=\skip47
\algorithmicindent=\skip48
) ("C:\Program Files (x86)\MiKTeX 2.9\tex\latex\tools\array.sty"
Package: array 2008/09/09 v2.4c Tabular extension package (FMi)
\col@sep=\dimen128
\extrarowheight=\dimen129
\NC@list=\toks24
\extratabsurround=\skip49
\backup@length=\skip50
) ("C:\Program Files (x86)\MiKTeX 2.9\tex\latex\mdwtools\mdwmath.sty"
Package: mdwmath 1996/04/11 1.1 Nice mathematical things
\sq@sqrt=\count109
LaTeX Info: Redefining \sqrt on input line 84.
) ("C:\Program Files (x86)\MiKTeX 2.9\tex\latex\mdwtools\mdwtab.sty"
Package: mdwtab 1998/04/28 1.9 Table typesetting with style
\tab@state=\count110
\tab@columns=\count111
\tab@preamble=\toks25
\tab@shortline=\toks26
\extrarowheight=\dimen130
\tabextrasep=\dimen131
\arrayextrasep=\dimen132
\smarraycolsep=\dimen133
\smarrayextrasep=\dimen134
\tab@width=\dimen135
\col@sep=\dimen136
\tab@endheight=\dimen137
\tab@leftskip=\skip51
\tab@rightskip=\skip52
\fn@notes=\box31
\fn@width=\dimen138
) ("C:\Program Files (x86)\MiKTeX 2.9\tex\latex\eqparbox\eqparbox.sty"
Package: eqparbox 2010/01/01 v3.1 Create equal-widthed boxes
\eqp@tempdima=\skip53
\eqp@tempdimb=\skip54
) ("C:\Program Files (x86)\MiKTeX 2.9\tex\latex\subfig\subfig.sty"
Package: subfig 2005/06/28 ver: 1.3 subfig package
("C:\Program Files (x86)\MiKTeX 2.9\tex\latex\caption\caption.sty"
Package: caption 2010/01/09 v3.1m Customizing captions (AR)
("C:\Program Files (x86)\MiKTeX 2.9\tex\latex\caption\caption3.sty"
Package: caption3 2010/01/14 v3.1m caption3 kernel (AR)
\captionmargin=\dimen139
\captionmargin@=\dimen140
\captionwidth=\dimen141
\caption@indent=\dimen142
\caption@parindent=\dimen143
\caption@hangindent=\dimen144
Package caption Info: Unknown document class (or package),
(caption)             standard defaults will be used on input line 1084.
)

Package caption Warning: Unsupported document class (or package) detected,
(caption)                usage of the caption package is not recommended.
See the caption package documentation for explanation.

Package caption Info: \@makecaption = \long macro:#1#2->\ifx \@captype \@IEEEta
blestring \footnotesize \begin {center}{\normalfont \footnotesize #1}\\{\normal
font \footnotesize \scshape #2}\end {center}\@IEEEtablecaptionsepspace \else \@
IEEEfigurecaptionsepspace \setbox \@tempboxa \hbox {\normalfont \footnotesize {
#1.}~~ #2}\ifdim \wd \@tempboxa >\hsize \setbox \@tempboxa \hbox {\normalfont \
footnotesize {#1.}~~ }\parbox [t]{\hsize }{\normalfont \footnotesize \noindent 
\unhbox \@tempboxa #2}\else \ifCLASSOPTIONconference \hbox to\hsize {\normalfon
t \footnotesize \hfil \box \@tempboxa \hfil }\else \hbox to\hsize {\normalfont 
\footnotesize \box \@tempboxa \hfil }\fi \fi \fi .
\c@ContinuedFloat=\count112
Package caption Info: float package is loaded.
)
\c@KVtest=\count113
\sf@farskip=\skip55
\sf@captopadj=\dimen145
\sf@capskip=\skip56
\sf@nearskip=\skip57
\c@subfigure=\count114
\c@subfigure@save=\count115
\c@lofdepth=\count116
\c@subtable=\count117
\c@subtable@save=\count118
\c@lotdepth=\count119
\sf@top=\skip58
\sf@bottom=\skip59
) ("C:\Program Files (x86)\MiKTeX 2.9\tex\latex\base\fixltx2e.sty"
Package: fixltx2e 2006/09/13 v1.1m fixes to LaTeX
LaTeX Info: Redefining \em on input line 420.
LaTeX Info: The control sequence `\[' is already robust on input line 471.
LaTeX Info: The control sequence `\]' is already robust on input line 472.
) ("C:\Program Files (x86)\MiKTeX 2.9\tex\latex\sttools\stfloats.sty"
Package: stfloats 1999/10/22
\@dblbotnum=\count120
\c@dblbotnumber=\count121
) ("C:\Program Files (x86)\MiKTeX 2.9\tex\latex\ltxmisc\url.sty"
\Urlmuskip=\muskip11
Package: url 2006/04/12  ver 3.3  Verb mode for urls, etc.
) ("C:\Program Files (x86)\MiKTeX 2.9\tex\latex\auto-pst-pdf\auto-pst-pdf.sty"
Package: auto-pst-pdf 2009/04/26 v0.6 Wrapper for pst-pdf
("C:\Program Files (x86)\MiKTeX 2.9\tex\generic\oberdiek\ifpdf.sty"
Package: ifpdf 2010/01/28 v2.1 Provides the ifpdf switch (HO)
Package ifpdf Info: pdfTeX in pdf mode not detected.
) ("C:\Program Files (x86)\MiKTeX 2.9\tex\latex\xkeyval\xkeyval.sty"
Package: xkeyval 2008/08/13 v2.6a package option processing (HA)
("C:\Program Files (x86)\MiKTeX 2.9\tex\generic\xkeyval\xkeyval.tex"
\XKV@toks=\toks27
\XKV@tempa@toks=\toks28
\XKV@depth=\count122
File: xkeyval.tex 2008/08/13 v2.6a key=value parser (HA)
)) ("C:\Program Files (x86)\MiKTeX 2.9\tex\latex\ifplatform\ifplatform.sty"
Package: ifplatform 2009/09/10 v0.3a Testing for the operating system
("C:\Program Files (x86)\MiKTeX 2.9\tex\generic\oberdiek\pdftexcmds.sty"
Package: pdftexcmds 2010/04/01 v0.9 Utility functions of pdfTeX for LuaTeX (HO)

("C:\Program Files (x86)\MiKTeX 2.9\tex\generic\oberdiek\infwarerr.sty"
Package: infwarerr 2010/04/08 v1.3 Providing info/warning/message (HO)
) ("C:\Program Files (x86)\MiKTeX 2.9\tex\generic\oberdiek\ifluatex.sty"
Package: ifluatex 2010/03/01 v1.3 Provides the ifluatex switch (HO)
Package ifluatex Info: LuaTeX not detected.
) ("C:\Program Files (x86)\MiKTeX 2.9\tex\generic\oberdiek\ltxcmds.sty"
Package: ltxcmds 2010/04/26 v1.7 LaTeX kernel commands for general use (HO)
)
Package pdftexcmds Info: LuaTeX not detected.
Package pdftexcmds Info: \pdf@primitive is available.
Package pdftexcmds Info: \pdf@ifprimitive is available.
) ("C:\Program Files (x86)\MiKTeX 2.9\tex\generic\oberdiek\catchfile.sty"
Package: catchfile 2010/04/28 v1.5 Catches the contents of a file (HO)
("C:\Program Files (x86)\MiKTeX 2.9\tex\generic\oberdiek\etexcmds.sty"
Package: etexcmds 2010/01/28 v1.3 Prefix for e-TeX command names (HO)
Package etexcmds Info: Could not find \expanded.
(etexcmds)             That can mean that you are not using pdfTeX 1.50 or
(etexcmds)             that some package has redefined \expanded.
(etexcmds)             In the latter case, load this package earlier.
))

Package ifplatform Warning: 
    shell escape is disabled, so I can only detect \ifwindows.

)
\c@app@runs=\count123
("C:\Program Files (x86)\MiKTeX 2.9\tex\latex\pst-pdf\pst-pdf.sty"
Package: pst-pdf 2008/10/09 v1.1v PS graphics for pdfLaTeX (RN,HjG)
\c@pspicture=\count124
Package pst-pdf Info: MODE: 0 (dvi -- extraction mode) on input line 102.
No auxiliary output files.

("C:\Program Files (x86)\MiKTeX 2.9\tex\latex\pstricks\pstricks.sty"
Package: pstricks 2010/08/28 v0.46 LaTeX wrapper for `PSTricks' (RN,HV)
("C:\Program Files (x86)\MiKTeX 2.9\tex\generic\pstricks\pstricks.tex" ("C:\Pro
gram Files (x86)\MiKTeX 2.9\tex\generic\xkeyval\pst-xkey.tex"
File: pst-xkey.tex 2005/11/25 v1.6 PSTricks specialization of xkeyval (HA)
) ("C:\Program Files (x86)\MiKTeX 2.9\tex\generic\pstricks\pst-fp.tex" `pst-fp'
 v0.05, 2010/01/17 (hv)
\pstFP@xs=\count125
\pstFP@xia=\count126
\pstFP@xib=\count127
\pstFP@xfa=\count128
\pstFP@xfb=\count129
\pstFP@rega=\count130
\pstFP@regb=\count131
\pstFP@regs=\count132
\pstFP@times=\count133
)
\psLoopIndex=\count134
`PSTricks' v2.12  <2010/09/16> (tvz)
\pst@dima=\dimen146
\pst@dimb=\dimen147
\pst@dimc=\dimen148
\pst@dimd=\dimen149
\pst@dimg=\dimen150
\pst@dimh=\dimen151
\pst@dimm=\dimen152
\pst@dimn=\dimen153
\pst@dimo=\dimen154
\pst@dimp=\dimen155
\pst@hbox=\box32
\pst@boxg=\box33
\pst@cnta=\count135
\pst@cntb=\count136
\pst@cntc=\count137
\pst@cntd=\count138
\pst@cntg=\count139
\pst@cnth=\count140
\pst@cntm=\count141
\pst@cntn=\count142
\pst@cnto=\count143
\pst@cntp=\count144
\@zero=\count145
\pst@toks=\toks29
("C:\Program Files (x86)\MiKTeX 2.9\tex\generic\pstricks\pstricks.con")
\psunit=\dimen156
\psxunit=\dimen157
\psyunit=\dimen158
\pslinewidth=\dimen159
\psk@startLW=\dimen160
\psk@endLW=\dimen161
\pst@customdefs=\toks30
\pslinearc=\dimen162
\pst@symbolStep=\dimen163
\pst@symbolWidth=\dimen164
\everypsbox=\toks31
\psframesep=\dimen165
\pslabelsep=\dimen166
\pst@shift=\dimen167
\theoverlaybox=\box34
)
File: pstricks.tex 2010/09/16 v2.12 `PSTricks' (tvz,hv)
("C:\Program Files (x86)\MiKTeX 2.9\tex\generic\pstricks\pst-fp.tex")
File: pst-fp.tex 2010/09/16 v2.12 `PST-fp' (hv)
("C:\Program Files (x86)\MiKTeX 2.9\tex\latex\xcolor\xcolor.sty"
Package: xcolor 2007/01/21 v2.11 LaTeX color extensions (UK)
("C:\Program Files (x86)\MiKTeX 2.9\tex\latex\00miktex\color.cfg"
File: color.cfg 2007/01/18 v1.5 color configuration of teTeX/TeXLive
)
Package xcolor Info: Driver file: dvips.def on input line 225.
Package xcolor Info: Model `cmy' substituted by `cmy0' on input line 1337.
Package xcolor Info: Model `RGB' extended on input line 1353.
Package xcolor Info: Model `HTML' substituted by `rgb' on input line 1355.
Package xcolor Info: Model `Hsb' substituted by `hsb' on input line 1356.
Package xcolor Info: Model `tHsb' substituted by `hsb' on input line 1357.
Package xcolor Info: Model `HSB' substituted by `hsb' on input line 1358.
Package xcolor Info: Model `Gray' substituted by `gray' on input line 1359.
Package xcolor Info: Model `wave' substituted by `hsb' on input line 1360.
)) ("C:\Program Files (x86)\MiKTeX 2.9\tex\latex\preview\preview.sty"
Package: preview 2010/02/14 11.86 (AUCTeX/preview-latex)
("C:\Program Files (x86)\MiKTeX 2.9\tex\latex\preview\prtightpage.def"
\PreviewBorder=\dimen168
)
\pr@snippet=\count146
\pr@box=\box35
\pr@output=\toks32
)
\pdfoutput=\count147
("C:\Program Files (x86)\MiKTeX 2.9\tex\latex\pdftex-def\pdftex.def"
File: pdftex.def 2010/09/14 v0.05b Graphics/color for pdfTeX
\Gread@gobject=\count148
)))
No file draft3_MCMCsmoother-autopp.aux.
LaTeX Font Info:    Checking defaults for OML/cmm/m/it on input line 31.
LaTeX Font Info:    ... okay on input line 31.
LaTeX Font Info:    Checking defaults for T1/cmr/m/n on input line 31.
LaTeX Font Info:    ... okay on input line 31.
LaTeX Font Info:    Checking defaults for OT1/cmr/m/n on input line 31.
LaTeX Font Info:    ... okay on input line 31.
LaTeX Font Info:    Checking defaults for OMS/cmsy/m/n on input line 31.
LaTeX Font Info:    ... okay on input line 31.
LaTeX Font Info:    Checking defaults for OMX/cmex/m/n on input line 31.
LaTeX Font Info:    ... okay on input line 31.
LaTeX Font Info:    Checking defaults for U/cmr/m/n on input line 31.
LaTeX Font Info:    ... okay on input line 31.
Package caption Info: Begin \AtBeginDocument code.
Package caption3 Info: subfig package 1.2 or 1.3 is loaded.
LaTeX Info: Redefining \subref on input line 31.
Package caption Info: End \AtBeginDocument code.
Preview: Fontsize 10pt
LaTeX Font Info:    Try loading font information for OMS+ptm on input line 46.
("C:\Program Files (x86)\MiKTeX 2.9\tex\latex\psnfss\omsptm.fd"
File: omsptm.fd 
)
LaTeX Font Info:    Font shape `OMS/ptm/m/n' in size <8> not available
(Font)              Font shape `OMS/cmsy/m/n' tried instead on input line 46.
LaTeX Font Info:    External font `cmex10' loaded for size
(Font)              <7> on input line 65.
LaTeX Font Info:    External font `cmex10' loaded for size
(Font)              <5> on input line 65.

LaTeX Warning: Reference `eq:state_proc' on page 1 undefined on input line 74.


LaTeX Warning: Reference `eq:observ_proc' on page 1 undefined on input line 74.



LaTeX Warning: Citation `Kalman1960' on page 1 undefined on input line 74.


LaTeX Warning: Citation `Gordon1993' on page 1 undefined on input line 74.


LaTeX Warning: Citation `Cappe2007' on page 1 undefined on input line 74.


LaTeX Warning: Citation `Doucet2009' on page 1 undefined on input line 74.


LaTeX Warning: Citation `Rauch1965' on page 1 undefined on input line 84.


LaTeX Warning: Citation `Kitagawa1996' on page 1 undefined on input line 90.


LaTeX Warning: Citation `Godsill2004' on page 1 undefined on input line 90.


LaTeX Warning: Citation `Briers2010' on page 1 undefined on input line 90.


LaTeX Warning: Reference `sec:basics' on page 1 undefined on input line 92.


LaTeX Warning: Reference `sec:mcmc_smoother' on page 1 undefined on input line 
92.


LaTeX Warning: Reference `sec:new_state_smoother' on page 1 undefined on input 
line 92.


LaTeX Warning: Reference `sec:simulations' on page 1 undefined on input line 92
.


LaTeX Warning: Citation `Pitt1999' on page 1 undefined on input line 112.


LaTeX Warning: Citation `Cappe2007' on page 1 undefined on input line 112.


LaTeX Warning: Citation `Doucet2009' on page 1 undefined on input line 112.


LaTeX Warning: Reference `alg:PF' on page 2 undefined on input line 124.


LaTeX Warning: Citation `Kitagawa1996' on page 2 undefined on input line 147.


LaTeX Warning: Reference `' on page 2 undefined on input line 149.


LaTeX Warning: Reference `' on page 2 undefined on input line 149.


LaTeX Warning: Reference `alg:FS' on page 2 undefined on input line 151.


LaTeX Warning: Citation `Godsill2004' on page 2 undefined on input line 168.


LaTeX Warning: Reference `alg:DBRS' on page 2 undefined on input line 190.


LaTeX Warning: Citation `Briers2010' on page 2 undefined on input line 209.


LaTeX Warning: Reference `alg:DBRS' on page 2 undefined on input line 209.


LaTeX Warning: Citation `Godsill2004' on page 2 undefined on input line 211.


LaTeX Warning: Citation `Briers2010' on page 2 undefined on input line 211.


LaTeX Warning: Citation `Klaas2006' on page 2 undefined on input line 211.


LaTeX Warning: Citation `Fearnhead2010' on page 3 undefined on input line 213.


LaTeX Warning: Reference `sec:mcmc_smoother' on page 3 undefined on input line 
215.


LaTeX Warning: Reference `sec:new_state_smoother' on page 3 undefined on input 
line 215.


LaTeX Warning: Citation `Fearnhead2010' on page 3 undefined on input line 215.


LaTeX Warning: Reference `alg:DBRS' on page 3 undefined on input line 221.


LaTeX Warning: Reference `eq:DBRS_weights' on page 3 undefined on input line 22
1.


LaTeX Warning: Citation `Gilks1996' on page 3 undefined on input line 223.


LaTeX Warning: Citation `Metropolis1953' on page 3 undefined on input line 223.



LaTeX Warning: Reference `eq:smoothing_factorisation' on page 3 undefined on in
put line 227.


LaTeX Warning: Reference `eq:backward_conditional_filter' on page 3 undefined o
n input line 229.


LaTeX Warning: Reference `alg:MCMC-BRS' on page 3 undefined on input line 253.


Underfull \hbox (badness 1939) in paragraph at lines 264--265
[] []\OT1/ptm/m/n/10 With prob-a-bil-ity $\OML/cmm/m/it/10  \OT1/cmr/m/n/10 = 
[] \OMS/cmsy/m/n/10  []$\OT1/ptm/m/n/10 ,
 []


LaTeX Warning: Reference `eq:MCMC-BRS_weights' on page 4 undefined on input lin
e 278.


LaTeX Warning: Citation `Fearnhead2010' on page 4 undefined on input line 284.


LaTeX Warning: Citation `Fearnhead2010' on page 4 undefined on input line 284.


LaTeX Warning: Citation `Fearnhead2010' on page 4 undefined on input line 286.


LaTeX Warning: Reference `alg:MCMC-BRS' on page 4 undefined on input line 288.


Overfull \hbox (25.90138pt too wide) in alignment at lines 290--293
 [] [] [] [][]
 []


Overfull \hbox (26.89093pt too wide) in alignment at lines 297--300
 [] [] [] [][]
 []


Overfull \hbox (3.15773pt too wide) in alignment at lines 304--308
 [] [] [] [][]
 []


LaTeX Warning: Reference `alg:MCMC-BSS' on page 4 undefined on input line 310.


Underfull \hbox (badness 10000) in paragraph at lines 320--321
[] []\OT1/ptm/m/n/10 Propose a new state hisory, $\OML/cmm/m/it/10 x[] \OMS/cms
y/m/n/10 
 []


Underfull \hbox (badness 10000) in paragraph at lines 322--323
[] []\OT1/ptm/m/n/10 With prob-a-bil-ity $\OML/cmm/m/it/10  \OT1/cmr/m/n/10 = 
[] \OMS/cmsy/m/n/10 
 []


Underfull \hbox (badness 10000) in paragraph at lines 322--323
[]$\OT1/ptm/m/n/10 ,
 []


LaTeX Warning: Citation `Kitagawa1996' on page 5 undefined on input line 355.


LaTeX Warning: Citation `Godsill2004' on page 5 undefined on input line 356.


LaTeX Warning: Reference `sec:mcmc_smoother' on page 5 undefined on input line 
357.


Underfull \hbox (badness 6978) in paragraph at lines 357--358
[]\OT1/ptm/m/n/10 The new MCMC back-ward re-sam-pling smoother
 []


LaTeX Warning: Reference `sec:new_state_smoother' on page 5 undefined on input 
line 358.


LaTeX Warning: Reference `tab:performance' on page 5 undefined on input line 36
5.


LaTeX Warning: Reference `fig:rmse_vs_time' on page 5 undefined on input line 3
65.

LaTeX Font Info:    External font `cmex10' loaded for size
(Font)              <8> on input line 368.
LaTeX Font Info:    External font `cmex10' loaded for size
(Font)              <6> on input line 368.

Underfull \hbox (badness 10000) in paragraph at lines 370--370
[]\OT1/ptm/m/n/8 Postion
 []


Underfull \hbox (badness 10000) in paragraph at lines 370--370
[]\OT1/ptm/m/n/8 Velocity
 []


Underfull \hbox (badness 10000) in paragraph at lines 370--370
[]\OT1/ptm/m/n/8 Running
 []


Underfull \hbox (badness 10000) in paragraph at lines 370--370
[]\OT1/ptm/m/n/8 Unique
 []

No file draft3_MCMCsmoother-autopp.bbl.

Package pst-pdf Warning: Picture container needs cropping..


LaTeX Warning: There were undefined references.

 ) 
Here is how much of TeX's memory you used:
 6339 strings out of 494020
 93648 string characters out of 3143906
 203412 words of memory out of 3000000
 9525 multiletter control sequences out of 15000+200000
 29765 words of font info for 68 fonts, out of 3000000 for 9000
 717 hyphenation exceptions out of 8191
 44i,21n,73p,742b,653s stack positions out of 5000i,500n,10000p,200000b,50000s

No pages of output.
